强制启用CUDA训练
### Using CUDA: True
Start loading the data....
  - Found cached train data
  - Found cached valid data
  - Found cached test data
Finish loading the data....
Epoch  1 | Batch  30/677 | Time/Batch(ms) 587.16 | Train Loss 0.9474
Epoch  1 | Batch  60/677 | Time/Batch(ms) 502.32 | Train Loss 0.9639
Epoch  1 | Batch  90/677 | Time/Batch(ms) 525.51 | Train Loss 0.9230
Epoch  1 | Batch 120/677 | Time/Batch(ms) 505.02 | Train Loss 0.8692
Epoch  1 | Batch 150/677 | Time/Batch(ms) 507.71 | Train Loss 0.8456
Epoch  1 | Batch 180/677 | Time/Batch(ms) 509.32 | Train Loss 0.8766
Epoch  1 | Batch 210/677 | Time/Batch(ms) 537.23 | Train Loss 0.8286
Epoch  1 | Batch 240/677 | Time/Batch(ms) 466.63 | Train Loss 0.8194
Epoch  1 | Batch 270/677 | Time/Batch(ms) 537.13 | Train Loss 0.8435
Epoch  1 | Batch 300/677 | Time/Batch(ms) 483.31 | Train Loss 0.8969
Epoch  1 | Batch 330/677 | Time/Batch(ms) 521.36 | Train Loss 0.8462
Epoch  1 | Batch 360/677 | Time/Batch(ms) 506.89 | Train Loss 0.7872
Epoch  1 | Batch 390/677 | Time/Batch(ms) 521.00 | Train Loss 0.8399
Epoch  1 | Batch 420/677 | Time/Batch(ms) 509.82 | Train Loss 0.7701
Epoch  1 | Batch 450/677 | Time/Batch(ms) 494.75 | Train Loss 0.7905
Epoch  1 | Batch 480/677 | Time/Batch(ms) 537.20 | Train Loss 0.7866
Epoch  1 | Batch 510/677 | Time/Batch(ms) 498.46 | Train Loss 0.7647
Epoch  1 | Batch 540/677 | Time/Batch(ms) 499.10 | Train Loss 0.7599
Epoch  1 | Batch 570/677 | Time/Batch(ms) 538.28 | Train Loss 0.7534
Epoch  1 | Batch 600/677 | Time/Batch(ms) 484.46 | Train Loss 0.7506
Epoch  1 | Batch 630/677 | Time/Batch(ms) 533.99 | Train Loss 0.7377
Epoch  1 | Batch 660/677 | Time/Batch(ms) 501.24 | Train Loss 0.7050
--------------------------------------------------
Epoch  1 | Time 358.5581 sec | Valid Loss 0.7023 | Test Loss 0.7249
--------------------------------------------------
Saved model at pre_trained_models/mult.pt!
Epoch  2 | Batch  30/677 | Time/Batch(ms) 509.20 | Train Loss 0.7685
Epoch  2 | Batch  60/677 | Time/Batch(ms) 529.00 | Train Loss 0.6870
Epoch  2 | Batch  90/677 | Time/Batch(ms) 494.06 | Train Loss 0.7461
Epoch  2 | Batch 120/677 | Time/Batch(ms) 516.54 | Train Loss 0.7456
Epoch  2 | Batch 150/677 | Time/Batch(ms) 510.41 | Train Loss 0.7364
Epoch  2 | Batch 180/677 | Time/Batch(ms) 472.31 | Train Loss 0.7389
Epoch  2 | Batch 210/677 | Time/Batch(ms) 550.33 | Train Loss 0.7180
Epoch  2 | Batch 240/677 | Time/Batch(ms) 481.77 | Train Loss 0.6944
Epoch  2 | Batch 270/677 | Time/Batch(ms) 570.92 | Train Loss 0.7251
Epoch  2 | Batch 300/677 | Time/Batch(ms) 508.35 | Train Loss 0.7622
Epoch  2 | Batch 330/677 | Time/Batch(ms) 560.86 | Train Loss 0.6941
Epoch  2 | Batch 360/677 | Time/Batch(ms) 475.13 | Train Loss 0.7143
Epoch  2 | Batch 390/677 | Time/Batch(ms) 588.24 | Train Loss 0.7131
Epoch  2 | Batch 420/677 | Time/Batch(ms) 497.15 | Train Loss 0.7291
Epoch  2 | Batch 450/677 | Time/Batch(ms) 533.27 | Train Loss 0.7776
Epoch  2 | Batch 480/677 | Time/Batch(ms) 538.33 | Train Loss 0.6940
Epoch  2 | Batch 510/677 | Time/Batch(ms) 520.22 | Train Loss 0.6217
Epoch  2 | Batch 540/677 | Time/Batch(ms) 498.93 | Train Loss 0.6838
Epoch  2 | Batch 570/677 | Time/Batch(ms) 560.07 | Train Loss 0.6867
Epoch  2 | Batch 600/677 | Time/Batch(ms) 484.88 | Train Loss 0.7088
Epoch  2 | Batch 630/677 | Time/Batch(ms) 560.66 | Train Loss 0.7007
Epoch  2 | Batch 660/677 | Time/Batch(ms) 511.30 | Train Loss 0.7309
--------------------------------------------------
Epoch  2 | Time 362.4767 sec | Valid Loss 0.6990 | Test Loss 0.7071
--------------------------------------------------
Saved model at pre_trained_models/mult.pt!
Epoch  3 | Batch  30/677 | Time/Batch(ms) 589.79 | Train Loss 0.7222
Epoch  3 | Batch  60/677 | Time/Batch(ms) 551.00 | Train Loss 0.6977
Epoch  3 | Batch  90/677 | Time/Batch(ms) 512.32 | Train Loss 0.7331
Epoch  3 | Batch 120/677 | Time/Batch(ms) 493.15 | Train Loss 0.7020
Epoch  3 | Batch 150/677 | Time/Batch(ms) 526.01 | Train Loss 0.7001
Epoch  3 | Batch 180/677 | Time/Batch(ms) 517.19 | Train Loss 0.6665
Epoch  3 | Batch 210/677 | Time/Batch(ms) 543.03 | Train Loss 0.7163
Epoch  3 | Batch 240/677 | Time/Batch(ms) 511.69 | Train Loss 0.7263
Epoch  3 | Batch 270/677 | Time/Batch(ms) 542.47 | Train Loss 0.7024
Epoch  3 | Batch 300/677 | Time/Batch(ms) 495.85 | Train Loss 0.6745
Epoch  3 | Batch 330/677 | Time/Batch(ms) 546.15 | Train Loss 0.6955
Epoch  3 | Batch 360/677 | Time/Batch(ms) 517.02 | Train Loss 0.7037
Epoch  3 | Batch 390/677 | Time/Batch(ms) 558.22 | Train Loss 0.6619
Epoch  3 | Batch 420/677 | Time/Batch(ms) 499.67 | Train Loss 0.6971
Epoch  3 | Batch 450/677 | Time/Batch(ms) 625.17 | Train Loss 0.6929
Epoch  3 | Batch 480/677 | Time/Batch(ms) 568.44 | Train Loss 0.6713
Epoch  3 | Batch 510/677 | Time/Batch(ms) 667.91 | Train Loss 0.6963
Epoch  3 | Batch 540/677 | Time/Batch(ms) 553.39 | Train Loss 0.6168
Epoch  3 | Batch 570/677 | Time/Batch(ms) 500.34 | Train Loss 0.6983
Epoch  3 | Batch 600/677 | Time/Batch(ms) 530.48 | Train Loss 0.6694
Epoch  3 | Batch 630/677 | Time/Batch(ms) 512.94 | Train Loss 0.6460
Epoch  3 | Batch 660/677 | Time/Batch(ms) 516.36 | Train Loss 0.6571
--------------------------------------------------
Epoch  3 | Time 375.0560 sec | Valid Loss 0.6435 | Test Loss 0.6595
--------------------------------------------------
Saved model at pre_trained_models/mult.pt!
Epoch  4 | Batch  30/677 | Time/Batch(ms) 535.87 | Train Loss 0.6705
Epoch  4 | Batch  60/677 | Time/Batch(ms) 488.59 | Train Loss 0.6443
Epoch  4 | Batch  90/677 | Time/Batch(ms) 503.65 | Train Loss 0.6475
Epoch  4 | Batch 120/677 | Time/Batch(ms) 506.76 | Train Loss 0.6484
Epoch  4 | Batch 150/677 | Time/Batch(ms) 524.14 | Train Loss 0.6294
Epoch  4 | Batch 180/677 | Time/Batch(ms) 475.66 | Train Loss 0.6822
Epoch  4 | Batch 210/677 | Time/Batch(ms) 547.01 | Train Loss 0.6568
Epoch  4 | Batch 240/677 | Time/Batch(ms) 500.04 | Train Loss 0.7030
Epoch  4 | Batch 270/677 | Time/Batch(ms) 545.58 | Train Loss 0.7035
Epoch  4 | Batch 300/677 | Time/Batch(ms) 523.84 | Train Loss 0.6597
Epoch  4 | Batch 330/677 | Time/Batch(ms) 519.03 | Train Loss 0.6785
Epoch  4 | Batch 360/677 | Time/Batch(ms) 518.14 | Train Loss 0.6672
Epoch  4 | Batch 390/677 | Time/Batch(ms) 547.84 | Train Loss 0.6457
Epoch  4 | Batch 420/677 | Time/Batch(ms) 497.50 | Train Loss 0.6917
Epoch  4 | Batch 450/677 | Time/Batch(ms) 541.69 | Train Loss 0.6497
Epoch  4 | Batch 480/677 | Time/Batch(ms) 500.12 | Train Loss 0.6919
Epoch  4 | Batch 510/677 | Time/Batch(ms) 550.35 | Train Loss 0.6903
Epoch  4 | Batch 540/677 | Time/Batch(ms) 517.19 | Train Loss 0.6884
Epoch  4 | Batch 570/677 | Time/Batch(ms) 495.97 | Train Loss 0.7074
Epoch  4 | Batch 600/677 | Time/Batch(ms) 570.58 | Train Loss 0.7251
Epoch  4 | Batch 630/677 | Time/Batch(ms) 517.64 | Train Loss 0.6696
Epoch  4 | Batch 660/677 | Time/Batch(ms) 524.45 | Train Loss 0.6666
--------------------------------------------------
Epoch  4 | Time 362.8929 sec | Valid Loss 0.6205 | Test Loss 0.6540
--------------------------------------------------
Saved model at pre_trained_models/mult.pt!
Epoch  5 | Batch  30/677 | Time/Batch(ms) 541.19 | Train Loss 0.6782
Epoch  5 | Batch  60/677 | Time/Batch(ms) 523.15 | Train Loss 0.6224
Epoch  5 | Batch  90/677 | Time/Batch(ms) 507.28 | Train Loss 0.6292
Epoch  5 | Batch 120/677 | Time/Batch(ms) 564.59 | Train Loss 0.6526
Epoch  5 | Batch 150/677 | Time/Batch(ms) 496.64 | Train Loss 0.6826
Epoch  5 | Batch 180/677 | Time/Batch(ms) 532.65 | Train Loss 0.5605
Epoch  5 | Batch 210/677 | Time/Batch(ms) 547.52 | Train Loss 0.6241
Epoch  5 | Batch 240/677 | Time/Batch(ms) 495.30 | Train Loss 0.6742
Epoch  5 | Batch 270/677 | Time/Batch(ms) 574.33 | Train Loss 0.6658
Epoch  5 | Batch 300/677 | Time/Batch(ms) 477.38 | Train Loss 0.6860
Epoch  5 | Batch 330/677 | Time/Batch(ms) 545.78 | Train Loss 0.6926
Epoch  5 | Batch 360/677 | Time/Batch(ms) 535.40 | Train Loss 0.6449
Epoch  5 | Batch 390/677 | Time/Batch(ms) 521.45 | Train Loss 0.6745
Epoch  5 | Batch 420/677 | Time/Batch(ms) 516.57 | Train Loss 0.6775
Epoch  5 | Batch 450/677 | Time/Batch(ms) 543.57 | Train Loss 0.6950
Epoch  5 | Batch 480/677 | Time/Batch(ms) 529.57 | Train Loss 0.6302
Epoch  5 | Batch 510/677 | Time/Batch(ms) 525.56 | Train Loss 0.6829
Epoch  5 | Batch 540/677 | Time/Batch(ms) 526.35 | Train Loss 0.6502
Epoch  5 | Batch 570/677 | Time/Batch(ms) 528.65 | Train Loss 0.6473
Epoch  5 | Batch 600/677 | Time/Batch(ms) 496.64 | Train Loss 0.6606
Epoch  5 | Batch 630/677 | Time/Batch(ms) 531.57 | Train Loss 0.6182
Epoch  5 | Batch 660/677 | Time/Batch(ms) 532.77 | Train Loss 0.6665
--------------------------------------------------
Epoch  5 | Time 367.6083 sec | Valid Loss 0.6305 | Test Loss 0.6557
--------------------------------------------------
Epoch  6 | Batch  30/677 | Time/Batch(ms) 524.73 | Train Loss 0.6735
Epoch  6 | Batch  60/677 | Time/Batch(ms) 508.93 | Train Loss 0.6712
Epoch  6 | Batch  90/677 | Time/Batch(ms) 526.71 | Train Loss 0.6579
Epoch  6 | Batch 120/677 | Time/Batch(ms) 530.01 | Train Loss 0.6222
Epoch  6 | Batch 150/677 | Time/Batch(ms) 536.07 | Train Loss 0.6748
Epoch  6 | Batch 180/677 | Time/Batch(ms) 498.73 | Train Loss 0.6591
Epoch  6 | Batch 210/677 | Time/Batch(ms) 550.41 | Train Loss 0.6601
Epoch  6 | Batch 240/677 | Time/Batch(ms) 500.00 | Train Loss 0.6203
Epoch  6 | Batch 270/677 | Time/Batch(ms) 562.23 | Train Loss 0.6349
Epoch  6 | Batch 300/677 | Time/Batch(ms) 505.29 | Train Loss 0.6420
Epoch  6 | Batch 330/677 | Time/Batch(ms) 514.76 | Train Loss 0.6272
Epoch  6 | Batch 360/677 | Time/Batch(ms) 531.51 | Train Loss 0.6630
Epoch  6 | Batch 390/677 | Time/Batch(ms) 552.20 | Train Loss 0.6794
Epoch  6 | Batch 420/677 | Time/Batch(ms) 475.86 | Train Loss 0.6347
Epoch  6 | Batch 450/677 | Time/Batch(ms) 561.21 | Train Loss 0.6853
Epoch  6 | Batch 480/677 | Time/Batch(ms) 482.73 | Train Loss 0.6306
Epoch  6 | Batch 510/677 | Time/Batch(ms) 596.80 | Train Loss 0.6598
Epoch  6 | Batch 540/677 | Time/Batch(ms) 660.76 | Train Loss 0.6540
Epoch  6 | Batch 570/677 | Time/Batch(ms) 573.69 | Train Loss 0.6986
Epoch  6 | Batch 600/677 | Time/Batch(ms) 615.65 | Train Loss 0.6692
Epoch  6 | Batch 630/677 | Time/Batch(ms) 468.07 | Train Loss 0.6634
Epoch  6 | Batch 660/677 | Time/Batch(ms) 499.31 | Train Loss 0.6204
--------------------------------------------------
Epoch  6 | Time 372.5538 sec | Valid Loss 0.6319 | Test Loss 0.6392
--------------------------------------------------
Epoch  7 | Batch  30/677 | Time/Batch(ms) 522.48 | Train Loss 0.6562
Epoch  7 | Batch  60/677 | Time/Batch(ms) 542.03 | Train Loss 0.6462
Epoch  7 | Batch  90/677 | Time/Batch(ms) 505.57 | Train Loss 0.6497
Epoch  7 | Batch 120/677 | Time/Batch(ms) 526.19 | Train Loss 0.6441
Epoch  7 | Batch 150/677 | Time/Batch(ms) 515.48 | Train Loss 0.6375
Epoch  7 | Batch 180/677 | Time/Batch(ms) 524.23 | Train Loss 0.6530
Epoch  7 | Batch 210/677 | Time/Batch(ms) 534.82 | Train Loss 0.6566
Epoch  7 | Batch 240/677 | Time/Batch(ms) 498.07 | Train Loss 0.6500
Epoch  7 | Batch 270/677 | Time/Batch(ms) 581.96 | Train Loss 0.6447
Epoch  7 | Batch 300/677 | Time/Batch(ms) 504.86 | Train Loss 0.6534
Epoch  7 | Batch 330/677 | Time/Batch(ms) 570.97 | Train Loss 0.6685
Epoch  7 | Batch 360/677 | Time/Batch(ms) 504.27 | Train Loss 0.6291
Epoch  7 | Batch 390/677 | Time/Batch(ms) 513.16 | Train Loss 0.6440
Epoch  7 | Batch 420/677 | Time/Batch(ms) 550.23 | Train Loss 0.6283
Epoch  7 | Batch 450/677 | Time/Batch(ms) 503.41 | Train Loss 0.5971
Epoch  7 | Batch 480/677 | Time/Batch(ms) 565.08 | Train Loss 0.6730
Epoch  7 | Batch 510/677 | Time/Batch(ms) 479.10 | Train Loss 0.6064
Epoch  7 | Batch 540/677 | Time/Batch(ms) 574.59 | Train Loss 0.6756
Epoch  7 | Batch 570/677 | Time/Batch(ms) 481.02 | Train Loss 0.6428
Epoch  7 | Batch 600/677 | Time/Batch(ms) 543.70 | Train Loss 0.6204
Epoch  7 | Batch 630/677 | Time/Batch(ms) 505.79 | Train Loss 0.6386
Epoch  7 | Batch 660/677 | Time/Batch(ms) 501.42 | Train Loss 0.6390
--------------------------------------------------
Epoch  7 | Time 365.9659 sec | Valid Loss 0.7199 | Test Loss 0.7210
--------------------------------------------------
Epoch  8 | Batch  30/677 | Time/Batch(ms) 505.73 | Train Loss 0.6177
Epoch  8 | Batch  60/677 | Time/Batch(ms) 534.37 | Train Loss 0.5920
Epoch  8 | Batch  90/677 | Time/Batch(ms) 498.30 | Train Loss 0.6405
Epoch  8 | Batch 120/677 | Time/Batch(ms) 488.97 | Train Loss 0.6215
Epoch  8 | Batch 150/677 | Time/Batch(ms) 540.39 | Train Loss 0.6111
Epoch  8 | Batch 180/677 | Time/Batch(ms) 501.17 | Train Loss 0.6467
Epoch  8 | Batch 210/677 | Time/Batch(ms) 516.07 | Train Loss 0.6738
Epoch  8 | Batch 240/677 | Time/Batch(ms) 525.90 | Train Loss 0.6393
Epoch  8 | Batch 270/677 | Time/Batch(ms) 471.28 | Train Loss 0.6746
Epoch  8 | Batch 300/677 | Time/Batch(ms) 574.90 | Train Loss 0.6466
Epoch  8 | Batch 330/677 | Time/Batch(ms) 491.31 | Train Loss 0.6736
Epoch  8 | Batch 360/677 | Time/Batch(ms) 519.30 | Train Loss 0.6029
Epoch  8 | Batch 390/677 | Time/Batch(ms) 500.78 | Train Loss 0.6574
Epoch  8 | Batch 420/677 | Time/Batch(ms) 621.61 | Train Loss 0.6347
Epoch  8 | Batch 450/677 | Time/Batch(ms) 563.90 | Train Loss 0.6524
Epoch  8 | Batch 480/677 | Time/Batch(ms) 599.47 | Train Loss 0.6266
Epoch  8 | Batch 510/677 | Time/Batch(ms) 481.43 | Train Loss 0.6447
Epoch  8 | Batch 540/677 | Time/Batch(ms) 499.89 | Train Loss 0.6325
Epoch  8 | Batch 570/677 | Time/Batch(ms) 519.01 | Train Loss 0.6136
Epoch  8 | Batch 600/677 | Time/Batch(ms) 470.87 | Train Loss 0.6246
Epoch  8 | Batch 630/677 | Time/Batch(ms) 568.81 | Train Loss 0.6424
Epoch  8 | Batch 660/677 | Time/Batch(ms) 468.75 | Train Loss 0.6676
--------------------------------------------------
Epoch  8 | Time 363.5700 sec | Valid Loss 0.7352 | Test Loss 0.7110
--------------------------------------------------
Epoch  9 | Batch  30/677 | Time/Batch(ms) 493.42 | Train Loss 0.6075
Epoch  9 | Batch  60/677 | Time/Batch(ms) 536.93 | Train Loss 0.6292
Epoch  9 | Batch  90/677 | Time/Batch(ms) 480.05 | Train Loss 0.6393
Epoch  9 | Batch 120/677 | Time/Batch(ms) 550.13 | Train Loss 0.6201
Epoch  9 | Batch 150/677 | Time/Batch(ms) 478.51 | Train Loss 0.6382
Epoch  9 | Batch 180/677 | Time/Batch(ms) 491.96 | Train Loss 0.6231
Epoch  9 | Batch 210/677 | Time/Batch(ms) 502.66 | Train Loss 0.6350
Epoch  9 | Batch 240/677 | Time/Batch(ms) 508.57 | Train Loss 0.6304
Epoch  9 | Batch 270/677 | Time/Batch(ms) 496.66 | Train Loss 0.6468
Epoch  9 | Batch 300/677 | Time/Batch(ms) 547.87 | Train Loss 0.6260
Epoch  9 | Batch 330/677 | Time/Batch(ms) 481.32 | Train Loss 0.6006
Epoch  9 | Batch 360/677 | Time/Batch(ms) 524.84 | Train Loss 0.6348
Epoch  9 | Batch 390/677 | Time/Batch(ms) 520.08 | Train Loss 0.6286
Epoch  9 | Batch 420/677 | Time/Batch(ms) 518.75 | Train Loss 0.6400
Epoch  9 | Batch 450/677 | Time/Batch(ms) 525.44 | Train Loss 0.6374
Epoch  9 | Batch 480/677 | Time/Batch(ms) 556.36 | Train Loss 0.6345
Epoch  9 | Batch 510/677 | Time/Batch(ms) 498.84 | Train Loss 0.6393
Epoch  9 | Batch 540/677 | Time/Batch(ms) 568.54 | Train Loss 0.6338
Epoch  9 | Batch 570/677 | Time/Batch(ms) 470.71 | Train Loss 0.6395
Epoch  9 | Batch 600/677 | Time/Batch(ms) 509.53 | Train Loss 0.6386
Epoch  9 | Batch 630/677 | Time/Batch(ms) 539.51 | Train Loss 0.6378
Epoch  9 | Batch 660/677 | Time/Batch(ms) 476.08 | Train Loss 0.6239
--------------------------------------------------
Epoch  9 | Time 358.1102 sec | Valid Loss 0.6387 | Test Loss 0.6471
--------------------------------------------------
Epoch 10 | Batch  30/677 | Time/Batch(ms) 499.70 | Train Loss 0.6227
Epoch 10 | Batch  60/677 | Time/Batch(ms) 531.60 | Train Loss 0.6341
Epoch 10 | Batch  90/677 | Time/Batch(ms) 507.03 | Train Loss 0.6145
Epoch 10 | Batch 120/677 | Time/Batch(ms) 480.28 | Train Loss 0.6258
Epoch 10 | Batch 150/677 | Time/Batch(ms) 555.79 | Train Loss 0.6466
Epoch 10 | Batch 180/677 | Time/Batch(ms) 478.25 | Train Loss 0.6280
Epoch 10 | Batch 210/677 | Time/Batch(ms) 532.05 | Train Loss 0.6492
Epoch 10 | Batch 240/677 | Time/Batch(ms) 497.57 | Train Loss 0.6512
Epoch 10 | Batch 270/677 | Time/Batch(ms) 548.03 | Train Loss 0.6459
Epoch 10 | Batch 300/677 | Time/Batch(ms) 524.87 | Train Loss 0.6313
Epoch 10 | Batch 330/677 | Time/Batch(ms) 522.01 | Train Loss 0.6423
Epoch 10 | Batch 360/677 | Time/Batch(ms) 526.26 | Train Loss 0.6417
Epoch 10 | Batch 390/677 | Time/Batch(ms) 529.25 | Train Loss 0.6493
Epoch 10 | Batch 420/677 | Time/Batch(ms) 527.22 | Train Loss 0.5946
Epoch 10 | Batch 450/677 | Time/Batch(ms) 511.53 | Train Loss 0.6272
Epoch 10 | Batch 480/677 | Time/Batch(ms) 533.67 | Train Loss 0.6143
Epoch 10 | Batch 510/677 | Time/Batch(ms) 510.52 | Train Loss 0.6250
Epoch 10 | Batch 540/677 | Time/Batch(ms) 550.62 | Train Loss 0.6092
Epoch 10 | Batch 570/677 | Time/Batch(ms) 519.73 | Train Loss 0.5997
Epoch 10 | Batch 600/677 | Time/Batch(ms) 546.81 | Train Loss 0.6345
Epoch 10 | Batch 630/677 | Time/Batch(ms) 501.16 | Train Loss 0.6006
Epoch 10 | Batch 660/677 | Time/Batch(ms) 520.71 | Train Loss 0.6414
--------------------------------------------------
Epoch 10 | Time 364.1686 sec | Valid Loss 0.6700 | Test Loss 0.6729
--------------------------------------------------
Epoch 11 | Batch  30/677 | Time/Batch(ms) 556.61 | Train Loss 0.6339
Epoch 11 | Batch  60/677 | Time/Batch(ms) 497.35 | Train Loss 0.5780
Epoch 11 | Batch  90/677 | Time/Batch(ms) 563.84 | Train Loss 0.6231
Epoch 11 | Batch 120/677 | Time/Batch(ms) 492.58 | Train Loss 0.6704
Epoch 11 | Batch 150/677 | Time/Batch(ms) 550.71 | Train Loss 0.6428
Epoch 11 | Batch 180/677 | Time/Batch(ms) 495.86 | Train Loss 0.6661
Epoch 11 | Batch 210/677 | Time/Batch(ms) 506.18 | Train Loss 0.5872
Epoch 11 | Batch 240/677 | Time/Batch(ms) 525.62 | Train Loss 0.6443
Epoch 11 | Batch 270/677 | Time/Batch(ms) 521.94 | Train Loss 0.6320
Epoch 11 | Batch 300/677 | Time/Batch(ms) 499.06 | Train Loss 0.6165
Epoch 11 | Batch 330/677 | Time/Batch(ms) 542.41 | Train Loss 0.6179
Epoch 11 | Batch 360/677 | Time/Batch(ms) 518.38 | Train Loss 0.6046
Epoch 11 | Batch 390/677 | Time/Batch(ms) 483.30 | Train Loss 0.5960
Epoch 11 | Batch 420/677 | Time/Batch(ms) 601.91 | Train Loss 0.5958
Epoch 11 | Batch 450/677 | Time/Batch(ms) 504.07 | Train Loss 0.6150
Epoch 11 | Batch 480/677 | Time/Batch(ms) 534.53 | Train Loss 0.6333
Epoch 11 | Batch 510/677 | Time/Batch(ms) 526.39 | Train Loss 0.5955
Epoch 11 | Batch 540/677 | Time/Batch(ms) 523.61 | Train Loss 0.6320
Epoch 11 | Batch 570/677 | Time/Batch(ms) 556.31 | Train Loss 0.6601
Epoch 11 | Batch 600/677 | Time/Batch(ms) 515.33 | Train Loss 0.6157
Epoch 11 | Batch 630/677 | Time/Batch(ms) 528.07 | Train Loss 0.6192
Epoch 11 | Batch 660/677 | Time/Batch(ms) 527.16 | Train Loss 0.6823
--------------------------------------------------
Epoch 11 | Time 365.7803 sec | Valid Loss 0.6613 | Test Loss 0.6680
--------------------------------------------------
Epoch 12 | Batch  30/677 | Time/Batch(ms) 577.83 | Train Loss 0.6018
Epoch 12 | Batch  60/677 | Time/Batch(ms) 497.54 | Train Loss 0.6365
Epoch 12 | Batch  90/677 | Time/Batch(ms) 547.87 | Train Loss 0.5983
Epoch 12 | Batch 120/677 | Time/Batch(ms) 480.72 | Train Loss 0.5935
Epoch 12 | Batch 150/677 | Time/Batch(ms) 583.45 | Train Loss 0.6535
Epoch 12 | Batch 180/677 | Time/Batch(ms) 475.33 | Train Loss 0.6147
Epoch 12 | Batch 210/677 | Time/Batch(ms) 521.42 | Train Loss 0.6631
Epoch 12 | Batch 240/677 | Time/Batch(ms) 543.38 | Train Loss 0.6570
Epoch 12 | Batch 270/677 | Time/Batch(ms) 502.36 | Train Loss 0.6205
Epoch 12 | Batch 300/677 | Time/Batch(ms) 540.31 | Train Loss 0.5843
Epoch 12 | Batch 330/677 | Time/Batch(ms) 527.78 | Train Loss 0.6167
Epoch 12 | Batch 360/677 | Time/Batch(ms) 520.93 | Train Loss 0.6250
Epoch 12 | Batch 390/677 | Time/Batch(ms) 555.22 | Train Loss 0.6094
Epoch 12 | Batch 420/677 | Time/Batch(ms) 499.37 | Train Loss 0.5890
Epoch 12 | Batch 450/677 | Time/Batch(ms) 521.27 | Train Loss 0.6480
Epoch 12 | Batch 480/677 | Time/Batch(ms) 553.81 | Train Loss 0.5929
Epoch 12 | Batch 510/677 | Time/Batch(ms) 510.90 | Train Loss 0.6167
Epoch 12 | Batch 540/677 | Time/Batch(ms) 571.55 | Train Loss 0.6152
Epoch 12 | Batch 570/677 | Time/Batch(ms) 486.94 | Train Loss 0.6276
Epoch 12 | Batch 600/677 | Time/Batch(ms) 582.42 | Train Loss 0.5907
Epoch 12 | Batch 630/677 | Time/Batch(ms) 498.31 | Train Loss 0.6009
Epoch 12 | Batch 660/677 | Time/Batch(ms) 479.68 | Train Loss 0.6548
--------------------------------------------------
Epoch 12 | Time 368.2872 sec | Valid Loss 0.6058 | Test Loss 0.6136
--------------------------------------------------
Saved model at pre_trained_models/mult.pt!
Epoch 13 | Batch  30/677 | Time/Batch(ms) 490.04 | Train Loss 0.5940
Epoch 13 | Batch  60/677 | Time/Batch(ms) 581.47 | Train Loss 0.6027
Epoch 13 | Batch  90/677 | Time/Batch(ms) 471.62 | Train Loss 0.6201
Epoch 13 | Batch 120/677 | Time/Batch(ms) 478.63 | Train Loss 0.6102
Epoch 13 | Batch 150/677 | Time/Batch(ms) 573.64 | Train Loss 0.5889
Epoch 13 | Batch 180/677 | Time/Batch(ms) 479.45 | Train Loss 0.6142
Epoch 13 | Batch 210/677 | Time/Batch(ms) 561.12 | Train Loss 0.6345
Epoch 13 | Batch 240/677 | Time/Batch(ms) 493.07 | Train Loss 0.6031
Epoch 13 | Batch 270/677 | Time/Batch(ms) 523.23 | Train Loss 0.5998
Epoch 13 | Batch 300/677 | Time/Batch(ms) 526.46 | Train Loss 0.6065
Epoch 13 | Batch 330/677 | Time/Batch(ms) 515.17 | Train Loss 0.6179
Epoch 13 | Batch 360/677 | Time/Batch(ms) 550.74 | Train Loss 0.6520
Epoch 13 | Batch 390/677 | Time/Batch(ms) 496.03 | Train Loss 0.5824
Epoch 13 | Batch 420/677 | Time/Batch(ms) 544.51 | Train Loss 0.6251
Epoch 13 | Batch 450/677 | Time/Batch(ms) 519.65 | Train Loss 0.6204
Epoch 13 | Batch 480/677 | Time/Batch(ms) 631.58 | Train Loss 0.6252
Epoch 13 | Batch 510/677 | Time/Batch(ms) 669.73 | Train Loss 0.5974
Epoch 13 | Batch 540/677 | Time/Batch(ms) 556.64 | Train Loss 0.6452
Epoch 13 | Batch 570/677 | Time/Batch(ms) 538.15 | Train Loss 0.6195
Epoch 13 | Batch 600/677 | Time/Batch(ms) 527.92 | Train Loss 0.6512
Epoch 13 | Batch 630/677 | Time/Batch(ms) 509.70 | Train Loss 0.6305
Epoch 13 | Batch 660/677 | Time/Batch(ms) 503.96 | Train Loss 0.6047
--------------------------------------------------
Epoch 13 | Time 372.5637 sec | Valid Loss 0.6571 | Test Loss 0.6608
--------------------------------------------------
Epoch 14 | Batch  30/677 | Time/Batch(ms) 525.74 | Train Loss 0.6151
Epoch 14 | Batch  60/677 | Time/Batch(ms) 678.91 | Train Loss 0.6235
Epoch 14 | Batch  90/677 | Time/Batch(ms) 607.90 | Train Loss 0.6508
Epoch 14 | Batch 120/677 | Time/Batch(ms) 580.48 | Train Loss 0.6247
Epoch 14 | Batch 150/677 | Time/Batch(ms) 541.71 | Train Loss 0.5887
Epoch 14 | Batch 180/677 | Time/Batch(ms) 492.69 | Train Loss 0.6320
Epoch 14 | Batch 210/677 | Time/Batch(ms) 558.22 | Train Loss 0.5823
Epoch 14 | Batch 240/677 | Time/Batch(ms) 497.78 | Train Loss 0.6122
Epoch 14 | Batch 270/677 | Time/Batch(ms) 535.60 | Train Loss 0.6184
Epoch 14 | Batch 300/677 | Time/Batch(ms) 524.09 | Train Loss 0.6473
Epoch 14 | Batch 330/677 | Time/Batch(ms) 520.69 | Train Loss 0.5632
Epoch 14 | Batch 360/677 | Time/Batch(ms) 522.44 | Train Loss 0.6248
Epoch 14 | Batch 390/677 | Time/Batch(ms) 514.14 | Train Loss 0.6018
Epoch 14 | Batch 420/677 | Time/Batch(ms) 512.89 | Train Loss 0.6068
Epoch 14 | Batch 450/677 | Time/Batch(ms) 529.67 | Train Loss 0.6144
Epoch 14 | Batch 480/677 | Time/Batch(ms) 509.11 | Train Loss 0.6133
Epoch 14 | Batch 510/677 | Time/Batch(ms) 514.54 | Train Loss 0.6112
Epoch 14 | Batch 540/677 | Time/Batch(ms) 515.64 | Train Loss 0.6075
Epoch 14 | Batch 570/677 | Time/Batch(ms) 539.20 | Train Loss 0.6523
Epoch 14 | Batch 600/677 | Time/Batch(ms) 498.50 | Train Loss 0.5604
Epoch 14 | Batch 630/677 | Time/Batch(ms) 551.04 | Train Loss 0.6254
Epoch 14 | Batch 660/677 | Time/Batch(ms) 503.87 | Train Loss 0.6168
--------------------------------------------------
Epoch 14 | Time 373.0252 sec | Valid Loss 0.6403 | Test Loss 0.6395
--------------------------------------------------
Epoch 15 | Batch  30/677 | Time/Batch(ms) 496.68 | Train Loss 0.5932
Epoch 15 | Batch  60/677 | Time/Batch(ms) 547.95 | Train Loss 0.5663
Epoch 15 | Batch  90/677 | Time/Batch(ms) 496.07 | Train Loss 0.5654
Epoch 15 | Batch 120/677 | Time/Batch(ms) 538.97 | Train Loss 0.6225
Epoch 15 | Batch 150/677 | Time/Batch(ms) 499.27 | Train Loss 0.6383
Epoch 15 | Batch 180/677 | Time/Batch(ms) 485.48 | Train Loss 0.6199
Epoch 15 | Batch 210/677 | Time/Batch(ms) 547.75 | Train Loss 0.5990
Epoch 15 | Batch 240/677 | Time/Batch(ms) 470.94 | Train Loss 0.6152
Epoch 15 | Batch 270/677 | Time/Batch(ms) 536.62 | Train Loss 0.6330
Epoch 15 | Batch 300/677 | Time/Batch(ms) 502.72 | Train Loss 0.6333
Epoch 15 | Batch 330/677 | Time/Batch(ms) 517.56 | Train Loss 0.6115
Epoch 15 | Batch 360/677 | Time/Batch(ms) 545.54 | Train Loss 0.5632
Epoch 15 | Batch 390/677 | Time/Batch(ms) 489.09 | Train Loss 0.6062
Epoch 15 | Batch 420/677 | Time/Batch(ms) 521.30 | Train Loss 0.6223
Epoch 15 | Batch 450/677 | Time/Batch(ms) 511.46 | Train Loss 0.6315
Epoch 15 | Batch 480/677 | Time/Batch(ms) 490.93 | Train Loss 0.5267
Epoch 15 | Batch 510/677 | Time/Batch(ms) 532.78 | Train Loss 0.6360
Epoch 15 | Batch 540/677 | Time/Batch(ms) 481.11 | Train Loss 0.6340
Epoch 15 | Batch 570/677 | Time/Batch(ms) 505.63 | Train Loss 0.5983
Epoch 15 | Batch 600/677 | Time/Batch(ms) 503.65 | Train Loss 0.6673
Epoch 15 | Batch 630/677 | Time/Batch(ms) 481.87 | Train Loss 0.6435
Epoch 15 | Batch 660/677 | Time/Batch(ms) 538.49 | Train Loss 0.6524
--------------------------------------------------
Epoch 15 | Time 355.2217 sec | Valid Loss 0.7026 | Test Loss 0.7109
--------------------------------------------------
Epoch 16 | Batch  30/677 | Time/Batch(ms) 564.03 | Train Loss 0.5761
Epoch 16 | Batch  60/677 | Time/Batch(ms) 472.72 | Train Loss 0.5982
Epoch 16 | Batch  90/677 | Time/Batch(ms) 533.74 | Train Loss 0.6319
Epoch 16 | Batch 120/677 | Time/Batch(ms) 475.30 | Train Loss 0.6547
Epoch 16 | Batch 150/677 | Time/Batch(ms) 490.57 | Train Loss 0.6232
Epoch 16 | Batch 180/677 | Time/Batch(ms) 494.58 | Train Loss 0.6004
Epoch 16 | Batch 210/677 | Time/Batch(ms) 485.54 | Train Loss 0.5905
Epoch 16 | Batch 240/677 | Time/Batch(ms) 512.45 | Train Loss 0.6359
Epoch 16 | Batch 270/677 | Time/Batch(ms) 499.49 | Train Loss 0.5789
Epoch 16 | Batch 300/677 | Time/Batch(ms) 499.88 | Train Loss 0.5836
Epoch 16 | Batch 330/677 | Time/Batch(ms) 533.78 | Train Loss 0.6380
Epoch 16 | Batch 360/677 | Time/Batch(ms) 510.72 | Train Loss 0.5916
Epoch 16 | Batch 390/677 | Time/Batch(ms) 499.18 | Train Loss 0.6139
Epoch 16 | Batch 420/677 | Time/Batch(ms) 478.24 | Train Loss 0.6023
Epoch 16 | Batch 450/677 | Time/Batch(ms) 497.73 | Train Loss 0.6325
Epoch 16 | Batch 480/677 | Time/Batch(ms) 555.26 | Train Loss 0.6011
Epoch 16 | Batch 510/677 | Time/Batch(ms) 507.37 | Train Loss 0.6209
Epoch 16 | Batch 540/677 | Time/Batch(ms) 521.27 | Train Loss 0.6104
Epoch 16 | Batch 570/677 | Time/Batch(ms) 502.09 | Train Loss 0.6340
Epoch 16 | Batch 600/677 | Time/Batch(ms) 557.38 | Train Loss 0.6375
Epoch 16 | Batch 630/677 | Time/Batch(ms) 480.52 | Train Loss 0.6051
Epoch 16 | Batch 660/677 | Time/Batch(ms) 568.08 | Train Loss 0.5929
--------------------------------------------------
Epoch 16 | Time 355.9475 sec | Valid Loss 0.6046 | Test Loss 0.6196
--------------------------------------------------
Saved model at pre_trained_models/mult.pt!
Epoch 17 | Batch  30/677 | Time/Batch(ms) 570.56 | Train Loss 0.6097
Epoch 17 | Batch  60/677 | Time/Batch(ms) 497.70 | Train Loss 0.6022
Epoch 17 | Batch  90/677 | Time/Batch(ms) 536.90 | Train Loss 0.5808
Epoch 17 | Batch 120/677 | Time/Batch(ms) 511.47 | Train Loss 0.6033
Epoch 17 | Batch 150/677 | Time/Batch(ms) 515.84 | Train Loss 0.6463
Epoch 17 | Batch 180/677 | Time/Batch(ms) 523.97 | Train Loss 0.5830
Epoch 17 | Batch 210/677 | Time/Batch(ms) 530.95 | Train Loss 0.6060
Epoch 17 | Batch 240/677 | Time/Batch(ms) 516.14 | Train Loss 0.6066
Epoch 17 | Batch 270/677 | Time/Batch(ms) 530.88 | Train Loss 0.5995
Epoch 17 | Batch 300/677 | Time/Batch(ms) 526.61 | Train Loss 0.6053
Epoch 17 | Batch 330/677 | Time/Batch(ms) 521.80 | Train Loss 0.6319
Epoch 17 | Batch 360/677 | Time/Batch(ms) 515.38 | Train Loss 0.6012
Epoch 17 | Batch 390/677 | Time/Batch(ms) 583.03 | Train Loss 0.5979
Epoch 17 | Batch 420/677 | Time/Batch(ms) 500.47 | Train Loss 0.5966
Epoch 17 | Batch 450/677 | Time/Batch(ms) 545.07 | Train Loss 0.5850
Epoch 17 | Batch 480/677 | Time/Batch(ms) 538.22 | Train Loss 0.6454
Epoch 17 | Batch 510/677 | Time/Batch(ms) 511.31 | Train Loss 0.6125
Epoch 17 | Batch 540/677 | Time/Batch(ms) 532.28 | Train Loss 0.6288
Epoch 17 | Batch 570/677 | Time/Batch(ms) 509.11 | Train Loss 0.5848
Epoch 17 | Batch 600/677 | Time/Batch(ms) 543.62 | Train Loss 0.6117
Epoch 17 | Batch 630/677 | Time/Batch(ms) 492.81 | Train Loss 0.6235
Epoch 17 | Batch 660/677 | Time/Batch(ms) 579.15 | Train Loss 0.6634
--------------------------------------------------
Epoch 17 | Time 368.0799 sec | Valid Loss 0.6468 | Test Loss 0.6566
--------------------------------------------------
Epoch 18 | Batch  30/677 | Time/Batch(ms) 535.55 | Train Loss 0.5989
Epoch 18 | Batch  60/677 | Time/Batch(ms) 534.01 | Train Loss 0.6148
Epoch 18 | Batch  90/677 | Time/Batch(ms) 461.75 | Train Loss 0.6053
Epoch 18 | Batch 120/677 | Time/Batch(ms) 588.91 | Train Loss 0.6127
Epoch 18 | Batch 150/677 | Time/Batch(ms) 468.54 | Train Loss 0.6346
Epoch 18 | Batch 180/677 | Time/Batch(ms) 509.60 | Train Loss 0.5862
Epoch 18 | Batch 210/677 | Time/Batch(ms) 545.98 | Train Loss 0.6194
Epoch 18 | Batch 240/677 | Time/Batch(ms) 494.62 | Train Loss 0.5532
Epoch 18 | Batch 270/677 | Time/Batch(ms) 543.46 | Train Loss 0.5861
Epoch 18 | Batch 300/677 | Time/Batch(ms) 484.91 | Train Loss 0.6103
Epoch 18 | Batch 330/677 | Time/Batch(ms) 533.15 | Train Loss 0.6122
Epoch 18 | Batch 360/677 | Time/Batch(ms) 521.02 | Train Loss 0.6289
Epoch 18 | Batch 390/677 | Time/Batch(ms) 495.83 | Train Loss 0.5975
Epoch 18 | Batch 420/677 | Time/Batch(ms) 536.77 | Train Loss 0.5730
Epoch 18 | Batch 450/677 | Time/Batch(ms) 514.21 | Train Loss 0.5852
Epoch 18 | Batch 480/677 | Time/Batch(ms) 517.34 | Train Loss 0.5985
Epoch 18 | Batch 510/677 | Time/Batch(ms) 526.73 | Train Loss 0.6288
Epoch 18 | Batch 540/677 | Time/Batch(ms) 471.68 | Train Loss 0.6280
Epoch 18 | Batch 570/677 | Time/Batch(ms) 582.78 | Train Loss 0.6124
Epoch 18 | Batch 600/677 | Time/Batch(ms) 471.19 | Train Loss 0.5833
Epoch 18 | Batch 630/677 | Time/Batch(ms) 545.56 | Train Loss 0.5861
Epoch 18 | Batch 660/677 | Time/Batch(ms) 484.26 | Train Loss 0.6176
--------------------------------------------------
Epoch 18 | Time 359.6765 sec | Valid Loss 0.6325 | Test Loss 0.6522
--------------------------------------------------
Epoch 19 | Batch  30/677 | Time/Batch(ms) 531.88 | Train Loss 0.5914
Epoch 19 | Batch  60/677 | Time/Batch(ms) 509.19 | Train Loss 0.6417
Epoch 19 | Batch  90/677 | Time/Batch(ms) 535.27 | Train Loss 0.6044
Epoch 19 | Batch 120/677 | Time/Batch(ms) 498.74 | Train Loss 0.5948
Epoch 19 | Batch 150/677 | Time/Batch(ms) 548.36 | Train Loss 0.6100
Epoch 19 | Batch 180/677 | Time/Batch(ms) 506.54 | Train Loss 0.5967
Epoch 19 | Batch 210/677 | Time/Batch(ms) 546.60 | Train Loss 0.5806
Epoch 19 | Batch 240/677 | Time/Batch(ms) 509.32 | Train Loss 0.6053
Epoch 19 | Batch 270/677 | Time/Batch(ms) 491.38 | Train Loss 0.6014
Epoch 19 | Batch 300/677 | Time/Batch(ms) 504.23 | Train Loss 0.6346
Epoch 19 | Batch 330/677 | Time/Batch(ms) 598.84 | Train Loss 0.6087
Epoch 19 | Batch 360/677 | Time/Batch(ms) 654.36 | Train Loss 0.5976
Epoch 19 | Batch 390/677 | Time/Batch(ms) 562.72 | Train Loss 0.6173
Epoch 19 | Batch 420/677 | Time/Batch(ms) 534.53 | Train Loss 0.6061
Epoch 19 | Batch 450/677 | Time/Batch(ms) 491.05 | Train Loss 0.5856
Epoch 19 | Batch 480/677 | Time/Batch(ms) 498.76 | Train Loss 0.6212
Epoch 19 | Batch 510/677 | Time/Batch(ms) 571.18 | Train Loss 0.5720
Epoch 19 | Batch 540/677 | Time/Batch(ms) 509.23 | Train Loss 0.6028
Epoch 19 | Batch 570/677 | Time/Batch(ms) 530.71 | Train Loss 0.5959
Epoch 19 | Batch 600/677 | Time/Batch(ms) 502.53 | Train Loss 0.5992
Epoch 19 | Batch 630/677 | Time/Batch(ms) 529.35 | Train Loss 0.6172
Epoch 19 | Batch 660/677 | Time/Batch(ms) 515.50 | Train Loss 0.6039
--------------------------------------------------
Epoch 19 | Time 369.7134 sec | Valid Loss 0.6205 | Test Loss 0.6306
--------------------------------------------------
Epoch 20 | Batch  30/677 | Time/Batch(ms) 530.93 | Train Loss 0.5879
Epoch 20 | Batch  60/677 | Time/Batch(ms) 479.84 | Train Loss 0.6282
Epoch 20 | Batch  90/677 | Time/Batch(ms) 554.56 | Train Loss 0.5715
Epoch 20 | Batch 120/677 | Time/Batch(ms) 495.47 | Train Loss 0.6188
Epoch 20 | Batch 150/677 | Time/Batch(ms) 587.27 | Train Loss 0.6077
Epoch 20 | Batch 180/677 | Time/Batch(ms) 487.93 | Train Loss 0.5948
Epoch 20 | Batch 210/677 | Time/Batch(ms) 544.04 | Train Loss 0.6220
Epoch 20 | Batch 240/677 | Time/Batch(ms) 534.44 | Train Loss 0.5563
Epoch 20 | Batch 270/677 | Time/Batch(ms) 524.39 | Train Loss 0.5955
Epoch 20 | Batch 300/677 | Time/Batch(ms) 531.52 | Train Loss 0.5972
Epoch 20 | Batch 330/677 | Time/Batch(ms) 533.06 | Train Loss 0.6047
Epoch 20 | Batch 360/677 | Time/Batch(ms) 520.06 | Train Loss 0.6304
Epoch 20 | Batch 390/677 | Time/Batch(ms) 506.08 | Train Loss 0.5917
Epoch 20 | Batch 420/677 | Time/Batch(ms) 533.31 | Train Loss 0.5943
Epoch 20 | Batch 450/677 | Time/Batch(ms) 500.86 | Train Loss 0.5759
Epoch 20 | Batch 480/677 | Time/Batch(ms) 569.88 | Train Loss 0.6031
Epoch 20 | Batch 510/677 | Time/Batch(ms) 490.12 | Train Loss 0.6165
Epoch 20 | Batch 540/677 | Time/Batch(ms) 533.83 | Train Loss 0.5884
Epoch 20 | Batch 570/677 | Time/Batch(ms) 528.28 | Train Loss 0.5771
Epoch 20 | Batch 600/677 | Time/Batch(ms) 531.80 | Train Loss 0.5985
Epoch 20 | Batch 630/677 | Time/Batch(ms) 514.48 | Train Loss 0.6269
Epoch 20 | Batch 660/677 | Time/Batch(ms) 548.50 | Train Loss 0.6119
--------------------------------------------------
Epoch 20 | Time 365.8871 sec | Valid Loss 0.6205 | Test Loss 0.6247
--------------------------------------------------
Epoch 21 | Batch  30/677 | Time/Batch(ms) 564.85 | Train Loss 0.5948
Epoch 21 | Batch  60/677 | Time/Batch(ms) 499.24 | Train Loss 0.5952
Epoch 21 | Batch  90/677 | Time/Batch(ms) 607.98 | Train Loss 0.5858
Epoch 21 | Batch 120/677 | Time/Batch(ms) 632.43 | Train Loss 0.5882
Epoch 21 | Batch 150/677 | Time/Batch(ms) 628.43 | Train Loss 0.5782
Epoch 21 | Batch 180/677 | Time/Batch(ms) 576.01 | Train Loss 0.5959
Epoch 21 | Batch 210/677 | Time/Batch(ms) 530.46 | Train Loss 0.6077
Epoch 21 | Batch 240/677 | Time/Batch(ms) 535.77 | Train Loss 0.5494
Epoch 21 | Batch 270/677 | Time/Batch(ms) 505.49 | Train Loss 0.6236
Epoch 21 | Batch 300/677 | Time/Batch(ms) 522.18 | Train Loss 0.6181
Epoch 21 | Batch 330/677 | Time/Batch(ms) 517.00 | Train Loss 0.6275
Epoch 21 | Batch 360/677 | Time/Batch(ms) 554.18 | Train Loss 0.5999
Epoch 21 | Batch 390/677 | Time/Batch(ms) 528.73 | Train Loss 0.5649
Epoch 21 | Batch 420/677 | Time/Batch(ms) 551.50 | Train Loss 0.5882
Epoch 21 | Batch 450/677 | Time/Batch(ms) 495.02 | Train Loss 0.6332
Epoch 21 | Batch 480/677 | Time/Batch(ms) 545.49 | Train Loss 0.6048
Epoch 21 | Batch 510/677 | Time/Batch(ms) 504.59 | Train Loss 0.6214
Epoch 21 | Batch 540/677 | Time/Batch(ms) 522.85 | Train Loss 0.6306
Epoch 21 | Batch 570/677 | Time/Batch(ms) 525.33 | Train Loss 0.5725
Epoch 21 | Batch 600/677 | Time/Batch(ms) 524.52 | Train Loss 0.5924
Epoch 21 | Batch 630/677 | Time/Batch(ms) 525.07 | Train Loss 0.5925
Epoch 21 | Batch 660/677 | Time/Batch(ms) 530.76 | Train Loss 0.6263
--------------------------------------------------
Epoch 21 | Time 376.7060 sec | Valid Loss 0.6992 | Test Loss 0.6922
--------------------------------------------------
Epoch 22 | Batch  30/677 | Time/Batch(ms) 514.96 | Train Loss 0.5967
Epoch 22 | Batch  60/677 | Time/Batch(ms) 502.27 | Train Loss 0.5674
Epoch 22 | Batch  90/677 | Time/Batch(ms) 510.50 | Train Loss 0.6187
Epoch 22 | Batch 120/677 | Time/Batch(ms) 498.17 | Train Loss 0.6156
Epoch 22 | Batch 150/677 | Time/Batch(ms) 484.32 | Train Loss 0.5769
Epoch 22 | Batch 180/677 | Time/Batch(ms) 489.42 | Train Loss 0.5685
Epoch 22 | Batch 210/677 | Time/Batch(ms) 504.38 | Train Loss 0.5589
Epoch 22 | Batch 240/677 | Time/Batch(ms) 512.07 | Train Loss 0.5702
Epoch 22 | Batch 270/677 | Time/Batch(ms) 507.13 | Train Loss 0.5929
Epoch 22 | Batch 300/677 | Time/Batch(ms) 526.66 | Train Loss 0.6126
Epoch 22 | Batch 330/677 | Time/Batch(ms) 463.98 | Train Loss 0.5802
Epoch 22 | Batch 360/677 | Time/Batch(ms) 487.90 | Train Loss 0.5637
Epoch 22 | Batch 390/677 | Time/Batch(ms) 503.00 | Train Loss 0.6071
Epoch 22 | Batch 420/677 | Time/Batch(ms) 483.39 | Train Loss 0.5980
Epoch 22 | Batch 450/677 | Time/Batch(ms) 523.07 | Train Loss 0.6359
Epoch 22 | Batch 480/677 | Time/Batch(ms) 511.26 | Train Loss 0.5681
Epoch 22 | Batch 510/677 | Time/Batch(ms) 489.93 | Train Loss 0.6102
Epoch 22 | Batch 540/677 | Time/Batch(ms) 506.93 | Train Loss 0.5830
Epoch 22 | Batch 570/677 | Time/Batch(ms) 471.02 | Train Loss 0.6169
Epoch 22 | Batch 600/677 | Time/Batch(ms) 521.00 | Train Loss 0.6083
Epoch 22 | Batch 630/677 | Time/Batch(ms) 496.26 | Train Loss 0.6148
Epoch 22 | Batch 660/677 | Time/Batch(ms) 544.39 | Train Loss 0.6255
--------------------------------------------------
Epoch 22 | Time 349.8467 sec | Valid Loss 0.6554 | Test Loss 0.6577
--------------------------------------------------
Epoch 23 | Batch  30/677 | Time/Batch(ms) 560.94 | Train Loss 0.6352
Epoch 23 | Batch  60/677 | Time/Batch(ms) 502.19 | Train Loss 0.6107
Epoch 23 | Batch  90/677 | Time/Batch(ms) 490.20 | Train Loss 0.5946
Epoch 23 | Batch 120/677 | Time/Batch(ms) 540.13 | Train Loss 0.5655
Epoch 23 | Batch 150/677 | Time/Batch(ms) 482.88 | Train Loss 0.6080
Epoch 23 | Batch 180/677 | Time/Batch(ms) 537.02 | Train Loss 0.6259
Epoch 23 | Batch 210/677 | Time/Batch(ms) 494.96 | Train Loss 0.5676
Epoch 23 | Batch 240/677 | Time/Batch(ms) 493.21 | Train Loss 0.5681
Epoch 23 | Batch 270/677 | Time/Batch(ms) 546.45 | Train Loss 0.5761
Epoch 23 | Batch 300/677 | Time/Batch(ms) 487.57 | Train Loss 0.6217
Epoch 23 | Batch 330/677 | Time/Batch(ms) 538.07 | Train Loss 0.5922
Epoch 23 | Batch 360/677 | Time/Batch(ms) 493.70 | Train Loss 0.6186
Epoch 23 | Batch 390/677 | Time/Batch(ms) 488.87 | Train Loss 0.6568
Epoch 23 | Batch 420/677 | Time/Batch(ms) 556.21 | Train Loss 0.6031
Epoch 23 | Batch 450/677 | Time/Batch(ms) 631.22 | Train Loss 0.5707
Epoch 23 | Batch 480/677 | Time/Batch(ms) 580.45 | Train Loss 0.5976
Epoch 23 | Batch 510/677 | Time/Batch(ms) 500.18 | Train Loss 0.6082
Epoch 23 | Batch 540/677 | Time/Batch(ms) 509.07 | Train Loss 0.5955
Epoch 23 | Batch 570/677 | Time/Batch(ms) 547.06 | Train Loss 0.5861
Epoch 23 | Batch 600/677 | Time/Batch(ms) 528.57 | Train Loss 0.5823
Epoch 23 | Batch 630/677 | Time/Batch(ms) 535.04 | Train Loss 0.6181
Epoch 23 | Batch 660/677 | Time/Batch(ms) 500.71 | Train Loss 0.5827
--------------------------------------------------
Epoch 23 | Time 365.2302 sec | Valid Loss 0.6194 | Test Loss 0.6464
--------------------------------------------------
Epoch 24 | Batch  30/677 | Time/Batch(ms) 482.11 | Train Loss 0.5656
Epoch 24 | Batch  60/677 | Time/Batch(ms) 451.73 | Train Loss 0.5859
Epoch 24 | Batch  90/677 | Time/Batch(ms) 539.16 | Train Loss 0.5786
Epoch 24 | Batch 120/677 | Time/Batch(ms) 432.46 | Train Loss 0.5753
Epoch 24 | Batch 150/677 | Time/Batch(ms) 480.29 | Train Loss 0.6454
Epoch 24 | Batch 180/677 | Time/Batch(ms) 514.86 | Train Loss 0.5729
Epoch 24 | Batch 210/677 | Time/Batch(ms) 453.78 | Train Loss 0.6204
Epoch 24 | Batch 240/677 | Time/Batch(ms) 493.95 | Train Loss 0.6385
Epoch 24 | Batch 270/677 | Time/Batch(ms) 485.85 | Train Loss 0.5903
Epoch 24 | Batch 300/677 | Time/Batch(ms) 445.46 | Train Loss 0.5831
Epoch 24 | Batch 330/677 | Time/Batch(ms) 519.10 | Train Loss 0.5759
Epoch 24 | Batch 360/677 | Time/Batch(ms) 469.88 | Train Loss 0.5901
Epoch 24 | Batch 390/677 | Time/Batch(ms) 459.64 | Train Loss 0.5654
Epoch 24 | Batch 420/677 | Time/Batch(ms) 544.83 | Train Loss 0.6375
Epoch 24 | Batch 450/677 | Time/Batch(ms) 482.91 | Train Loss 0.5604
Epoch 24 | Batch 480/677 | Time/Batch(ms) 535.01 | Train Loss 0.6098
Epoch 24 | Batch 510/677 | Time/Batch(ms) 522.62 | Train Loss 0.5650
Epoch 24 | Batch 540/677 | Time/Batch(ms) 507.30 | Train Loss 0.6283
Epoch 24 | Batch 570/677 | Time/Batch(ms) 546.86 | Train Loss 0.5918
Epoch 24 | Batch 600/677 | Time/Batch(ms) 492.92 | Train Loss 0.5900
Epoch 24 | Batch 630/677 | Time/Batch(ms) 522.08 | Train Loss 0.5935
Epoch 24 | Batch 660/677 | Time/Batch(ms) 538.78 | Train Loss 0.5810
--------------------------------------------------
Epoch 24 | Time 346.6336 sec | Valid Loss 0.6097 | Test Loss 0.6271
--------------------------------------------------
Epoch 25 | Batch  30/677 | Time/Batch(ms) 527.92 | Train Loss 0.6093
Epoch 25 | Batch  60/677 | Time/Batch(ms) 502.30 | Train Loss 0.6012
Epoch 25 | Batch  90/677 | Time/Batch(ms) 528.71 | Train Loss 0.6184
Epoch 25 | Batch 120/677 | Time/Batch(ms) 502.64 | Train Loss 0.5958
Epoch 25 | Batch 150/677 | Time/Batch(ms) 496.60 | Train Loss 0.5811
Epoch 25 | Batch 180/677 | Time/Batch(ms) 539.41 | Train Loss 0.5547
Epoch 25 | Batch 210/677 | Time/Batch(ms) 517.07 | Train Loss 0.5880
Epoch 25 | Batch 240/677 | Time/Batch(ms) 510.85 | Train Loss 0.6073
Epoch 25 | Batch 270/677 | Time/Batch(ms) 555.80 | Train Loss 0.5838
Epoch 25 | Batch 300/677 | Time/Batch(ms) 529.45 | Train Loss 0.5851
Epoch 25 | Batch 330/677 | Time/Batch(ms) 506.02 | Train Loss 0.5892
Epoch 25 | Batch 360/677 | Time/Batch(ms) 505.63 | Train Loss 0.6035
Epoch 25 | Batch 390/677 | Time/Batch(ms) 556.28 | Train Loss 0.5646
Epoch 25 | Batch 420/677 | Time/Batch(ms) 486.67 | Train Loss 0.6097
Epoch 25 | Batch 450/677 | Time/Batch(ms) 527.75 | Train Loss 0.5501
Epoch 25 | Batch 480/677 | Time/Batch(ms) 507.96 | Train Loss 0.5893
Epoch 25 | Batch 510/677 | Time/Batch(ms) 510.67 | Train Loss 0.6012
Epoch 25 | Batch 540/677 | Time/Batch(ms) 501.06 | Train Loss 0.5866
Epoch 25 | Batch 570/677 | Time/Batch(ms) 528.65 | Train Loss 0.5975
Epoch 25 | Batch 600/677 | Time/Batch(ms) 514.00 | Train Loss 0.5610
Epoch 25 | Batch 630/677 | Time/Batch(ms) 507.16 | Train Loss 0.5753
Epoch 25 | Batch 660/677 | Time/Batch(ms) 528.29 | Train Loss 0.6327
--------------------------------------------------
Epoch 25 | Time 361.1483 sec | Valid Loss 0.6023 | Test Loss 0.6186
--------------------------------------------------
Saved model at pre_trained_models/mult.pt!
Epoch 26 | Batch  30/677 | Time/Batch(ms) 542.71 | Train Loss 0.5939
Epoch 26 | Batch  60/677 | Time/Batch(ms) 542.34 | Train Loss 0.6104
Epoch 26 | Batch  90/677 | Time/Batch(ms) 478.11 | Train Loss 0.5291
Epoch 26 | Batch 120/677 | Time/Batch(ms) 593.82 | Train Loss 0.5370
Epoch 26 | Batch 150/677 | Time/Batch(ms) 492.83 | Train Loss 0.5643
Epoch 26 | Batch 180/677 | Time/Batch(ms) 593.14 | Train Loss 0.5808
Epoch 26 | Batch 210/677 | Time/Batch(ms) 485.11 | Train Loss 0.5945
Epoch 26 | Batch 240/677 | Time/Batch(ms) 545.50 | Train Loss 0.5749
Epoch 26 | Batch 270/677 | Time/Batch(ms) 516.28 | Train Loss 0.6246
Epoch 26 | Batch 300/677 | Time/Batch(ms) 536.33 | Train Loss 0.5611
Epoch 26 | Batch 330/677 | Time/Batch(ms) 518.17 | Train Loss 0.6108
Epoch 26 | Batch 360/677 | Time/Batch(ms) 533.43 | Train Loss 0.5939
Epoch 26 | Batch 390/677 | Time/Batch(ms) 503.94 | Train Loss 0.5739
Epoch 26 | Batch 420/677 | Time/Batch(ms) 551.18 | Train Loss 0.6068
Epoch 26 | Batch 450/677 | Time/Batch(ms) 475.61 | Train Loss 0.6133
Epoch 26 | Batch 480/677 | Time/Batch(ms) 583.58 | Train Loss 0.6085
Epoch 26 | Batch 510/677 | Time/Batch(ms) 501.30 | Train Loss 0.5861
Epoch 26 | Batch 540/677 | Time/Batch(ms) 568.96 | Train Loss 0.5881
Epoch 26 | Batch 570/677 | Time/Batch(ms) 506.39 | Train Loss 0.5559
Epoch 26 | Batch 600/677 | Time/Batch(ms) 535.10 | Train Loss 0.6353
Epoch 26 | Batch 630/677 | Time/Batch(ms) 511.95 | Train Loss 0.5735
Epoch 26 | Batch 660/677 | Time/Batch(ms) 538.08 | Train Loss 0.5653
--------------------------------------------------
Epoch 26 | Time 368.1203 sec | Valid Loss 0.6196 | Test Loss 0.6295
--------------------------------------------------
Epoch 27 | Batch  30/677 | Time/Batch(ms) 588.81 | Train Loss 0.5735
Epoch 27 | Batch  60/677 | Time/Batch(ms) 497.07 | Train Loss 0.5833
Epoch 27 | Batch  90/677 | Time/Batch(ms) 543.17 | Train Loss 0.6076
Epoch 27 | Batch 120/677 | Time/Batch(ms) 500.84 | Train Loss 0.6029
Epoch 27 | Batch 150/677 | Time/Batch(ms) 544.51 | Train Loss 0.5335
Epoch 27 | Batch 180/677 | Time/Batch(ms) 521.59 | Train Loss 0.6247
Epoch 27 | Batch 210/677 | Time/Batch(ms) 551.13 | Train Loss 0.5704
Epoch 27 | Batch 240/677 | Time/Batch(ms) 485.98 | Train Loss 0.5849
Epoch 27 | Batch 270/677 | Time/Batch(ms) 558.94 | Train Loss 0.5898
Epoch 27 | Batch 300/677 | Time/Batch(ms) 514.77 | Train Loss 0.5733
Epoch 27 | Batch 330/677 | Time/Batch(ms) 510.56 | Train Loss 0.5865
Epoch 27 | Batch 360/677 | Time/Batch(ms) 524.65 | Train Loss 0.6075
Epoch 27 | Batch 390/677 | Time/Batch(ms) 497.90 | Train Loss 0.5990
Epoch 27 | Batch 420/677 | Time/Batch(ms) 541.59 | Train Loss 0.5388
Epoch 27 | Batch 450/677 | Time/Batch(ms) 522.99 | Train Loss 0.6229
Epoch 27 | Batch 480/677 | Time/Batch(ms) 486.59 | Train Loss 0.5997
Epoch 27 | Batch 510/677 | Time/Batch(ms) 539.80 | Train Loss 0.5853
Epoch 27 | Batch 540/677 | Time/Batch(ms) 527.50 | Train Loss 0.5620
Epoch 27 | Batch 570/677 | Time/Batch(ms) 493.13 | Train Loss 0.5823
Epoch 27 | Batch 600/677 | Time/Batch(ms) 494.91 | Train Loss 0.5993
Epoch 27 | Batch 630/677 | Time/Batch(ms) 506.03 | Train Loss 0.6024
Epoch 27 | Batch 660/677 | Time/Batch(ms) 536.08 | Train Loss 0.6011
--------------------------------------------------
Epoch 27 | Time 363.0367 sec | Valid Loss 0.6626 | Test Loss 0.6633
--------------------------------------------------
Epoch 28 | Batch  30/677 | Time/Batch(ms) 548.17 | Train Loss 0.6112
Epoch 28 | Batch  60/677 | Time/Batch(ms) 486.13 | Train Loss 0.5685
Epoch 28 | Batch  90/677 | Time/Batch(ms) 515.35 | Train Loss 0.5543
Epoch 28 | Batch 120/677 | Time/Batch(ms) 504.06 | Train Loss 0.5532
Epoch 28 | Batch 150/677 | Time/Batch(ms) 525.74 | Train Loss 0.5905
Epoch 28 | Batch 180/677 | Time/Batch(ms) 623.05 | Train Loss 0.5746
Epoch 28 | Batch 210/677 | Time/Batch(ms) 634.74 | Train Loss 0.5740
Epoch 28 | Batch 240/677 | Time/Batch(ms) 617.92 | Train Loss 0.5667
Epoch 28 | Batch 270/677 | Time/Batch(ms) 498.15 | Train Loss 0.5982
Epoch 28 | Batch 300/677 | Time/Batch(ms) 542.03 | Train Loss 0.5667
Epoch 28 | Batch 330/677 | Time/Batch(ms) 512.88 | Train Loss 0.6202
Epoch 28 | Batch 360/677 | Time/Batch(ms) 511.11 | Train Loss 0.5885
Epoch 28 | Batch 390/677 | Time/Batch(ms) 537.15 | Train Loss 0.6275
Epoch 28 | Batch 420/677 | Time/Batch(ms) 524.78 | Train Loss 0.5924
Epoch 28 | Batch 450/677 | Time/Batch(ms) 507.53 | Train Loss 0.5749
Epoch 28 | Batch 480/677 | Time/Batch(ms) 566.17 | Train Loss 0.6141
Epoch 28 | Batch 510/677 | Time/Batch(ms) 475.73 | Train Loss 0.5653
Epoch 28 | Batch 540/677 | Time/Batch(ms) 560.26 | Train Loss 0.5671
Epoch 28 | Batch 570/677 | Time/Batch(ms) 473.80 | Train Loss 0.6099
Epoch 28 | Batch 600/677 | Time/Batch(ms) 543.71 | Train Loss 0.5722
Epoch 28 | Batch 630/677 | Time/Batch(ms) 507.72 | Train Loss 0.5754
Epoch 28 | Batch 660/677 | Time/Batch(ms) 531.01 | Train Loss 0.6053
--------------------------------------------------
Epoch 28 | Time 371.3176 sec | Valid Loss 0.6582 | Test Loss 0.6649
--------------------------------------------------
Epoch 29 | Batch  30/677 | Time/Batch(ms) 548.73 | Train Loss 0.5525
Epoch 29 | Batch  60/677 | Time/Batch(ms) 491.28 | Train Loss 0.5664
Epoch 29 | Batch  90/677 | Time/Batch(ms) 535.77 | Train Loss 0.5836
Epoch 29 | Batch 120/677 | Time/Batch(ms) 514.03 | Train Loss 0.5777
Epoch 29 | Batch 150/677 | Time/Batch(ms) 509.81 | Train Loss 0.5543
Epoch 29 | Batch 180/677 | Time/Batch(ms) 553.67 | Train Loss 0.5914
Epoch 29 | Batch 210/677 | Time/Batch(ms) 498.41 | Train Loss 0.5835
Epoch 29 | Batch 240/677 | Time/Batch(ms) 525.14 | Train Loss 0.6081
Epoch 29 | Batch 270/677 | Time/Batch(ms) 514.26 | Train Loss 0.5769
Epoch 29 | Batch 300/677 | Time/Batch(ms) 489.33 | Train Loss 0.6180
Epoch 29 | Batch 330/677 | Time/Batch(ms) 539.55 | Train Loss 0.5775
Epoch 29 | Batch 360/677 | Time/Batch(ms) 494.65 | Train Loss 0.5853
Epoch 29 | Batch 390/677 | Time/Batch(ms) 490.28 | Train Loss 0.5840
Epoch 29 | Batch 420/677 | Time/Batch(ms) 523.28 | Train Loss 0.5713
Epoch 29 | Batch 450/677 | Time/Batch(ms) 490.80 | Train Loss 0.5886
Epoch 29 | Batch 480/677 | Time/Batch(ms) 552.79 | Train Loss 0.5918
Epoch 29 | Batch 510/677 | Time/Batch(ms) 490.21 | Train Loss 0.5908
Epoch 29 | Batch 540/677 | Time/Batch(ms) 532.80 | Train Loss 0.5826
Epoch 29 | Batch 570/677 | Time/Batch(ms) 519.17 | Train Loss 0.5684
Epoch 29 | Batch 600/677 | Time/Batch(ms) 518.87 | Train Loss 0.5460
Epoch 29 | Batch 630/677 | Time/Batch(ms) 514.28 | Train Loss 0.5596
Epoch 29 | Batch 660/677 | Time/Batch(ms) 491.08 | Train Loss 0.5429
--------------------------------------------------
Epoch 29 | Time 360.1404 sec | Valid Loss 0.6101 | Test Loss 0.6249
--------------------------------------------------
Epoch 30 | Batch  30/677 | Time/Batch(ms) 500.61 | Train Loss 0.5689
Epoch 30 | Batch  60/677 | Time/Batch(ms) 495.80 | Train Loss 0.5680
Epoch 30 | Batch  90/677 | Time/Batch(ms) 516.61 | Train Loss 0.5598
Epoch 30 | Batch 120/677 | Time/Batch(ms) 533.21 | Train Loss 0.6101
Epoch 30 | Batch 150/677 | Time/Batch(ms) 488.36 | Train Loss 0.5857
Epoch 30 | Batch 180/677 | Time/Batch(ms) 499.69 | Train Loss 0.5591
Epoch 30 | Batch 210/677 | Time/Batch(ms) 499.61 | Train Loss 0.5821
Epoch 30 | Batch 240/677 | Time/Batch(ms) 487.48 | Train Loss 0.5644
Epoch 30 | Batch 270/677 | Time/Batch(ms) 530.62 | Train Loss 0.6083
Epoch 30 | Batch 300/677 | Time/Batch(ms) 476.19 | Train Loss 0.5978
Epoch 30 | Batch 330/677 | Time/Batch(ms) 514.55 | Train Loss 0.5665
Epoch 30 | Batch 360/677 | Time/Batch(ms) 469.50 | Train Loss 0.5864
Epoch 30 | Batch 390/677 | Time/Batch(ms) 534.62 | Train Loss 0.5931
Epoch 30 | Batch 420/677 | Time/Batch(ms) 480.95 | Train Loss 0.6036
Epoch 30 | Batch 450/677 | Time/Batch(ms) 537.14 | Train Loss 0.5695
Epoch 30 | Batch 480/677 | Time/Batch(ms) 482.45 | Train Loss 0.5737
Epoch 30 | Batch 510/677 | Time/Batch(ms) 486.21 | Train Loss 0.5657
Epoch 30 | Batch 540/677 | Time/Batch(ms) 524.54 | Train Loss 0.6024
Epoch 30 | Batch 570/677 | Time/Batch(ms) 484.52 | Train Loss 0.5624
Epoch 30 | Batch 600/677 | Time/Batch(ms) 544.87 | Train Loss 0.5794
Epoch 30 | Batch 630/677 | Time/Batch(ms) 476.02 | Train Loss 0.6112
Epoch 30 | Batch 660/677 | Time/Batch(ms) 512.38 | Train Loss 0.5731
--------------------------------------------------
Epoch 30 | Time 350.7726 sec | Valid Loss 0.6222 | Test Loss 0.6314
--------------------------------------------------
Epoch 31 | Batch  30/677 | Time/Batch(ms) 538.36 | Train Loss 0.5848
Epoch 31 | Batch  60/677 | Time/Batch(ms) 533.24 | Train Loss 0.5432
Epoch 31 | Batch  90/677 | Time/Batch(ms) 509.77 | Train Loss 0.5659
Epoch 31 | Batch 120/677 | Time/Batch(ms) 514.32 | Train Loss 0.5687
Epoch 31 | Batch 150/677 | Time/Batch(ms) 536.81 | Train Loss 0.5626
Epoch 31 | Batch 180/677 | Time/Batch(ms) 510.62 | Train Loss 0.5777
Epoch 31 | Batch 210/677 | Time/Batch(ms) 522.49 | Train Loss 0.5948
Epoch 31 | Batch 240/677 | Time/Batch(ms) 552.62 | Train Loss 0.5570
Epoch 31 | Batch 270/677 | Time/Batch(ms) 522.71 | Train Loss 0.5608
Epoch 31 | Batch 300/677 | Time/Batch(ms) 541.50 | Train Loss 0.5890
Epoch 31 | Batch 330/677 | Time/Batch(ms) 497.76 | Train Loss 0.5838
Epoch 31 | Batch 360/677 | Time/Batch(ms) 576.46 | Train Loss 0.5778
Epoch 31 | Batch 390/677 | Time/Batch(ms) 488.37 | Train Loss 0.6036
Epoch 31 | Batch 420/677 | Time/Batch(ms) 522.06 | Train Loss 0.5779
Epoch 31 | Batch 450/677 | Time/Batch(ms) 533.43 | Train Loss 0.6244
Epoch 31 | Batch 480/677 | Time/Batch(ms) 520.99 | Train Loss 0.5908
Epoch 31 | Batch 510/677 | Time/Batch(ms) 553.04 | Train Loss 0.6128
Epoch 31 | Batch 540/677 | Time/Batch(ms) 520.51 | Train Loss 0.5529
Epoch 31 | Batch 570/677 | Time/Batch(ms) 496.57 | Train Loss 0.5510
Epoch 31 | Batch 600/677 | Time/Batch(ms) 579.64 | Train Loss 0.5893
Epoch 31 | Batch 630/677 | Time/Batch(ms) 498.92 | Train Loss 0.5766
Epoch 31 | Batch 660/677 | Time/Batch(ms) 541.82 | Train Loss 0.5553
--------------------------------------------------
Epoch 31 | Time 366.9706 sec | Valid Loss 0.6520 | Test Loss 0.6582
--------------------------------------------------
Epoch 32 | Batch  30/677 | Time/Batch(ms) 539.44 | Train Loss 0.5714
Epoch 32 | Batch  60/677 | Time/Batch(ms) 528.48 | Train Loss 0.6046
Epoch 32 | Batch  90/677 | Time/Batch(ms) 497.47 | Train Loss 0.5564
Epoch 32 | Batch 120/677 | Time/Batch(ms) 529.23 | Train Loss 0.5784
Epoch 32 | Batch 150/677 | Time/Batch(ms) 533.98 | Train Loss 0.5583
Epoch 32 | Batch 180/677 | Time/Batch(ms) 500.17 | Train Loss 0.5679
Epoch 32 | Batch 210/677 | Time/Batch(ms) 571.45 | Train Loss 0.5968
Epoch 32 | Batch 240/677 | Time/Batch(ms) 473.69 | Train Loss 0.6006
Epoch 32 | Batch 270/677 | Time/Batch(ms) 548.70 | Train Loss 0.6056
Epoch 32 | Batch 300/677 | Time/Batch(ms) 534.69 | Train Loss 0.5530
Epoch 32 | Batch 330/677 | Time/Batch(ms) 513.67 | Train Loss 0.5470
Epoch 32 | Batch 360/677 | Time/Batch(ms) 545.67 | Train Loss 0.5766
Epoch 32 | Batch 390/677 | Time/Batch(ms) 494.94 | Train Loss 0.5756
Epoch 32 | Batch 420/677 | Time/Batch(ms) 541.06 | Train Loss 0.5896
Epoch 32 | Batch 450/677 | Time/Batch(ms) 531.96 | Train Loss 0.5685
Epoch 32 | Batch 480/677 | Time/Batch(ms) 496.73 | Train Loss 0.5732
Epoch 32 | Batch 510/677 | Time/Batch(ms) 553.42 | Train Loss 0.5791
Epoch 32 | Batch 540/677 | Time/Batch(ms) 509.46 | Train Loss 0.5809
Epoch 32 | Batch 570/677 | Time/Batch(ms) 517.92 | Train Loss 0.5964
Epoch 32 | Batch 600/677 | Time/Batch(ms) 541.12 | Train Loss 0.5664
Epoch 32 | Batch 630/677 | Time/Batch(ms) 504.20 | Train Loss 0.5992
Epoch 32 | Batch 660/677 | Time/Batch(ms) 528.06 | Train Loss 0.5981
--------------------------------------------------
Epoch 32 | Time 364.8487 sec | Valid Loss 0.7064 | Test Loss 0.7148
--------------------------------------------------
Epoch 33 | Batch  30/677 | Time/Batch(ms) 563.88 | Train Loss 0.5842
Epoch 33 | Batch  60/677 | Time/Batch(ms) 485.60 | Train Loss 0.5783
Epoch 33 | Batch  90/677 | Time/Batch(ms) 499.03 | Train Loss 0.5722
Epoch 33 | Batch 120/677 | Time/Batch(ms) 530.96 | Train Loss 0.5688
Epoch 33 | Batch 150/677 | Time/Batch(ms) 504.24 | Train Loss 0.5530
Epoch 33 | Batch 180/677 | Time/Batch(ms) 500.59 | Train Loss 0.5316
Epoch 33 | Batch 210/677 | Time/Batch(ms) 504.75 | Train Loss 0.5836
Epoch 33 | Batch 240/677 | Time/Batch(ms) 552.89 | Train Loss 0.5771
Epoch 33 | Batch 270/677 | Time/Batch(ms) 501.49 | Train Loss 0.5897
Epoch 33 | Batch 300/677 | Time/Batch(ms) 544.33 | Train Loss 0.5923
Epoch 33 | Batch 330/677 | Time/Batch(ms) 505.76 | Train Loss 0.5662
Epoch 33 | Batch 360/677 | Time/Batch(ms) 536.33 | Train Loss 0.5924
Epoch 33 | Batch 390/677 | Time/Batch(ms) 545.43 | Train Loss 0.6121
Epoch 33 | Batch 420/677 | Time/Batch(ms) 512.79 | Train Loss 0.5874
Epoch 33 | Batch 450/677 | Time/Batch(ms) 502.28 | Train Loss 0.5912
Epoch 33 | Batch 480/677 | Time/Batch(ms) 537.81 | Train Loss 0.5714
Epoch 33 | Batch 510/677 | Time/Batch(ms) 524.04 | Train Loss 0.6163
Epoch 33 | Batch 540/677 | Time/Batch(ms) 523.73 | Train Loss 0.5662
Epoch 33 | Batch 570/677 | Time/Batch(ms) 498.17 | Train Loss 0.5981
Epoch 33 | Batch 600/677 | Time/Batch(ms) 516.16 | Train Loss 0.5413
Epoch 33 | Batch 630/677 | Time/Batch(ms) 527.35 | Train Loss 0.5737
Epoch 33 | Batch 660/677 | Time/Batch(ms) 519.22 | Train Loss 0.6251
--------------------------------------------------
Epoch 33 | Time 361.7241 sec | Valid Loss 0.6500 | Test Loss 0.6543
--------------------------------------------------
Epoch 34 | Batch  30/677 | Time/Batch(ms) 538.27 | Train Loss 0.5830
Epoch 34 | Batch  60/677 | Time/Batch(ms) 504.33 | Train Loss 0.5742
Epoch 34 | Batch  90/677 | Time/Batch(ms) 548.90 | Train Loss 0.5698
Epoch 34 | Batch 120/677 | Time/Batch(ms) 497.91 | Train Loss 0.5232
Epoch 34 | Batch 150/677 | Time/Batch(ms) 505.68 | Train Loss 0.5908
Epoch 34 | Batch 180/677 | Time/Batch(ms) 542.59 | Train Loss 0.5761
Epoch 34 | Batch 210/677 | Time/Batch(ms) 473.73 | Train Loss 0.5694
Epoch 34 | Batch 240/677 | Time/Batch(ms) 544.18 | Train Loss 0.5777
Epoch 34 | Batch 270/677 | Time/Batch(ms) 525.91 | Train Loss 0.5625
Epoch 34 | Batch 300/677 | Time/Batch(ms) 519.49 | Train Loss 0.5761
Epoch 34 | Batch 330/677 | Time/Batch(ms) 527.87 | Train Loss 0.5861
Epoch 34 | Batch 360/677 | Time/Batch(ms) 536.19 | Train Loss 0.5946
Epoch 34 | Batch 390/677 | Time/Batch(ms) 530.00 | Train Loss 0.5649
Epoch 34 | Batch 420/677 | Time/Batch(ms) 531.73 | Train Loss 0.6249
Epoch 34 | Batch 450/677 | Time/Batch(ms) 529.76 | Train Loss 0.5802
Epoch 34 | Batch 480/677 | Time/Batch(ms) 518.28 | Train Loss 0.5935
Epoch 34 | Batch 510/677 | Time/Batch(ms) 521.04 | Train Loss 0.6201
Epoch 34 | Batch 540/677 | Time/Batch(ms) 500.09 | Train Loss 0.5452
Epoch 34 | Batch 570/677 | Time/Batch(ms) 571.68 | Train Loss 0.5630
Epoch 34 | Batch 600/677 | Time/Batch(ms) 477.03 | Train Loss 0.5641
Epoch 34 | Batch 630/677 | Time/Batch(ms) 576.93 | Train Loss 0.5786
Epoch 34 | Batch 660/677 | Time/Batch(ms) 503.50 | Train Loss 0.5693
--------------------------------------------------
Epoch 34 | Time 365.9552 sec | Valid Loss 0.6206 | Test Loss 0.6394
--------------------------------------------------
Epoch 35 | Batch  30/677 | Time/Batch(ms) 491.06 | Train Loss 0.6043
Epoch 35 | Batch  60/677 | Time/Batch(ms) 513.26 | Train Loss 0.5525
Epoch 35 | Batch  90/677 | Time/Batch(ms) 528.16 | Train Loss 0.5769
Epoch 35 | Batch 120/677 | Time/Batch(ms) 522.34 | Train Loss 0.5909
Epoch 35 | Batch 150/677 | Time/Batch(ms) 503.26 | Train Loss 0.5765
Epoch 35 | Batch 180/677 | Time/Batch(ms) 539.33 | Train Loss 0.5601
Epoch 35 | Batch 210/677 | Time/Batch(ms) 491.74 | Train Loss 0.5757
Epoch 35 | Batch 240/677 | Time/Batch(ms) 523.69 | Train Loss 0.5714
Epoch 35 | Batch 270/677 | Time/Batch(ms) 529.23 | Train Loss 0.5916
Epoch 35 | Batch 300/677 | Time/Batch(ms) 503.26 | Train Loss 0.5581
Epoch 35 | Batch 330/677 | Time/Batch(ms) 515.86 | Train Loss 0.5776
Epoch 35 | Batch 360/677 | Time/Batch(ms) 514.82 | Train Loss 0.5807
Epoch 35 | Batch 390/677 | Time/Batch(ms) 554.29 | Train Loss 0.5718
Epoch 35 | Batch 420/677 | Time/Batch(ms) 515.48 | Train Loss 0.5950
Epoch 35 | Batch 450/677 | Time/Batch(ms) 518.83 | Train Loss 0.5450
Epoch 35 | Batch 480/677 | Time/Batch(ms) 501.53 | Train Loss 0.5604
Epoch 35 | Batch 510/677 | Time/Batch(ms) 539.35 | Train Loss 0.6059
Epoch 35 | Batch 540/677 | Time/Batch(ms) 475.67 | Train Loss 0.5223
Epoch 35 | Batch 570/677 | Time/Batch(ms) 513.72 | Train Loss 0.5951
Epoch 35 | Batch 600/677 | Time/Batch(ms) 525.79 | Train Loss 0.5445
Epoch 35 | Batch 630/677 | Time/Batch(ms) 524.95 | Train Loss 0.5859
Epoch 35 | Batch 660/677 | Time/Batch(ms) 505.74 | Train Loss 0.5422
--------------------------------------------------
Epoch 35 | Time 359.5097 sec | Valid Loss 0.6560 | Test Loss 0.6551
--------------------------------------------------
Epoch 36 | Batch  30/677 | Time/Batch(ms) 512.86 | Train Loss 0.5617
Epoch 36 | Batch  60/677 | Time/Batch(ms) 537.85 | Train Loss 0.5692
Epoch 36 | Batch  90/677 | Time/Batch(ms) 526.68 | Train Loss 0.5631
Epoch 36 | Batch 120/677 | Time/Batch(ms) 535.70 | Train Loss 0.5575
Epoch 36 | Batch 150/677 | Time/Batch(ms) 486.23 | Train Loss 0.5843
Epoch 36 | Batch 180/677 | Time/Batch(ms) 575.25 | Train Loss 0.5602
Epoch 36 | Batch 210/677 | Time/Batch(ms) 495.65 | Train Loss 0.5876
Epoch 36 | Batch 240/677 | Time/Batch(ms) 532.36 | Train Loss 0.5558
Epoch 36 | Batch 270/677 | Time/Batch(ms) 719.06 | Train Loss 0.5508
Epoch 36 | Batch 300/677 | Time/Batch(ms) 825.48 | Train Loss 0.5748
Epoch 36 | Batch 330/677 | Time/Batch(ms) 725.13 | Train Loss 0.6196
Epoch 36 | Batch 360/677 | Time/Batch(ms) 490.47 | Train Loss 0.5805
Epoch 36 | Batch 390/677 | Time/Batch(ms) 525.77 | Train Loss 0.5533
Epoch 36 | Batch 420/677 | Time/Batch(ms) 481.28 | Train Loss 0.6051
Epoch 36 | Batch 450/677 | Time/Batch(ms) 530.11 | Train Loss 0.5740
Epoch 36 | Batch 480/677 | Time/Batch(ms) 492.57 | Train Loss 0.5695
Epoch 36 | Batch 510/677 | Time/Batch(ms) 501.19 | Train Loss 0.5800
Epoch 36 | Batch 540/677 | Time/Batch(ms) 530.92 | Train Loss 0.5576
Epoch 36 | Batch 570/677 | Time/Batch(ms) 471.16 | Train Loss 0.5841
Epoch 36 | Batch 600/677 | Time/Batch(ms) 557.83 | Train Loss 0.5950
Epoch 36 | Batch 630/677 | Time/Batch(ms) 483.16 | Train Loss 0.5688
Epoch 36 | Batch 660/677 | Time/Batch(ms) 510.64 | Train Loss 0.5853
--------------------------------------------------
Epoch 36 | Time 379.7870 sec | Valid Loss 0.6331 | Test Loss 0.6413
--------------------------------------------------
Epoch 37 | Batch  30/677 | Time/Batch(ms) 537.64 | Train Loss 0.5755
Epoch 37 | Batch  60/677 | Time/Batch(ms) 486.77 | Train Loss 0.5645
Epoch 37 | Batch  90/677 | Time/Batch(ms) 506.26 | Train Loss 0.5743
Epoch 37 | Batch 120/677 | Time/Batch(ms) 496.19 | Train Loss 0.5811
Epoch 37 | Batch 150/677 | Time/Batch(ms) 526.96 | Train Loss 0.5746
Epoch 37 | Batch 180/677 | Time/Batch(ms) 486.18 | Train Loss 0.6071
Epoch 37 | Batch 210/677 | Time/Batch(ms) 514.20 | Train Loss 0.5558
Epoch 37 | Batch 240/677 | Time/Batch(ms) 515.03 | Train Loss 0.5431
Epoch 37 | Batch 270/677 | Time/Batch(ms) 506.47 | Train Loss 0.5491
Epoch 37 | Batch 300/677 | Time/Batch(ms) 530.64 | Train Loss 0.5769
Epoch 37 | Batch 330/677 | Time/Batch(ms) 488.47 | Train Loss 0.5752
Epoch 37 | Batch 360/677 | Time/Batch(ms) 543.23 | Train Loss 0.5668
Epoch 37 | Batch 390/677 | Time/Batch(ms) 470.58 | Train Loss 0.6125
Epoch 37 | Batch 420/677 | Time/Batch(ms) 561.88 | Train Loss 0.5375
Epoch 37 | Batch 450/677 | Time/Batch(ms) 468.41 | Train Loss 0.5743
Epoch 37 | Batch 480/677 | Time/Batch(ms) 562.97 | Train Loss 0.5339
Epoch 37 | Batch 510/677 | Time/Batch(ms) 473.15 | Train Loss 0.5655
Epoch 37 | Batch 540/677 | Time/Batch(ms) 508.33 | Train Loss 0.5380
Epoch 37 | Batch 570/677 | Time/Batch(ms) 525.26 | Train Loss 0.5570
Epoch 37 | Batch 600/677 | Time/Batch(ms) 513.89 | Train Loss 0.5451
Epoch 37 | Batch 630/677 | Time/Batch(ms) 471.35 | Train Loss 0.5520
Epoch 37 | Batch 660/677 | Time/Batch(ms) 574.58 | Train Loss 0.6529
--------------------------------------------------
Epoch 37 | Time 356.1179 sec | Valid Loss 0.6710 | Test Loss 0.6767
--------------------------------------------------
Epoch 38 | Batch  30/677 | Time/Batch(ms) 560.22 | Train Loss 0.5563
Epoch 38 | Batch  60/677 | Time/Batch(ms) 470.71 | Train Loss 0.5463
Epoch 38 | Batch  90/677 | Time/Batch(ms) 570.64 | Train Loss 0.5621
Epoch 38 | Batch 120/677 | Time/Batch(ms) 476.28 | Train Loss 0.5720
Epoch 38 | Batch 150/677 | Time/Batch(ms) 564.54 | Train Loss 0.5309
Epoch 38 | Batch 180/677 | Time/Batch(ms) 513.45 | Train Loss 0.5872
Epoch 38 | Batch 210/677 | Time/Batch(ms) 508.00 | Train Loss 0.5742
Epoch 38 | Batch 240/677 | Time/Batch(ms) 515.51 | Train Loss 0.5471
Epoch 38 | Batch 270/677 | Time/Batch(ms) 474.50 | Train Loss 0.5814
Epoch 38 | Batch 300/677 | Time/Batch(ms) 504.82 | Train Loss 0.6094
Epoch 38 | Batch 330/677 | Time/Batch(ms) 515.20 | Train Loss 0.5695
Epoch 38 | Batch 360/677 | Time/Batch(ms) 500.70 | Train Loss 0.5610
Epoch 38 | Batch 390/677 | Time/Batch(ms) 518.01 | Train Loss 0.5484
Epoch 38 | Batch 420/677 | Time/Batch(ms) 518.16 | Train Loss 0.6115
Epoch 38 | Batch 450/677 | Time/Batch(ms) 483.90 | Train Loss 0.5843
Epoch 38 | Batch 480/677 | Time/Batch(ms) 550.25 | Train Loss 0.5670
Epoch 38 | Batch 510/677 | Time/Batch(ms) 517.67 | Train Loss 0.5726
Epoch 38 | Batch 540/677 | Time/Batch(ms) 528.17 | Train Loss 0.5703
Epoch 38 | Batch 570/677 | Time/Batch(ms) 500.93 | Train Loss 0.5462
Epoch 38 | Batch 600/677 | Time/Batch(ms) 577.24 | Train Loss 0.5580
Epoch 38 | Batch 630/677 | Time/Batch(ms) 474.52 | Train Loss 0.5756
Epoch 38 | Batch 660/677 | Time/Batch(ms) 601.78 | Train Loss 0.5280
--------------------------------------------------
Epoch 38 | Time 361.4400 sec | Valid Loss 0.6574 | Test Loss 0.6626
--------------------------------------------------
Epoch 39 | Batch  30/677 | Time/Batch(ms) 587.36 | Train Loss 0.5714
Epoch 39 | Batch  60/677 | Time/Batch(ms) 498.90 | Train Loss 0.5892
Epoch 39 | Batch  90/677 | Time/Batch(ms) 507.59 | Train Loss 0.5992
Epoch 39 | Batch 120/677 | Time/Batch(ms) 567.22 | Train Loss 0.5533
Epoch 39 | Batch 150/677 | Time/Batch(ms) 515.74 | Train Loss 0.5558
Epoch 39 | Batch 180/677 | Time/Batch(ms) 509.91 | Train Loss 0.5592
Epoch 39 | Batch 210/677 | Time/Batch(ms) 557.42 | Train Loss 0.5738
Epoch 39 | Batch 240/677 | Time/Batch(ms) 556.14 | Train Loss 0.5559
Epoch 39 | Batch 270/677 | Time/Batch(ms) 504.11 | Train Loss 0.5459
Epoch 39 | Batch 300/677 | Time/Batch(ms) 508.13 | Train Loss 0.5435
Epoch 39 | Batch 330/677 | Time/Batch(ms) 558.37 | Train Loss 0.5706
Epoch 39 | Batch 360/677 | Time/Batch(ms) 495.26 | Train Loss 0.5789
Epoch 39 | Batch 390/677 | Time/Batch(ms) 523.55 | Train Loss 0.5459
Epoch 39 | Batch 420/677 | Time/Batch(ms) 556.70 | Train Loss 0.5477
Epoch 39 | Batch 450/677 | Time/Batch(ms) 523.95 | Train Loss 0.5746
Epoch 39 | Batch 480/677 | Time/Batch(ms) 513.75 | Train Loss 0.5627
Epoch 39 | Batch 510/677 | Time/Batch(ms) 517.50 | Train Loss 0.5736
Epoch 39 | Batch 540/677 | Time/Batch(ms) 531.24 | Train Loss 0.5726
Epoch 39 | Batch 570/677 | Time/Batch(ms) 476.59 | Train Loss 0.5582
Epoch 39 | Batch 600/677 | Time/Batch(ms) 533.87 | Train Loss 0.5395
Epoch 39 | Batch 630/677 | Time/Batch(ms) 517.82 | Train Loss 0.5770
Epoch 39 | Batch 660/677 | Time/Batch(ms) 524.21 | Train Loss 0.5643
--------------------------------------------------
Epoch 39 | Time 366.6501 sec | Valid Loss 0.6787 | Test Loss 0.6897
--------------------------------------------------
Epoch 40 | Batch  30/677 | Time/Batch(ms) 545.56 | Train Loss 0.5907
Epoch 40 | Batch  60/677 | Time/Batch(ms) 516.13 | Train Loss 0.5530
Epoch 40 | Batch  90/677 | Time/Batch(ms) 478.74 | Train Loss 0.5517
Epoch 40 | Batch 120/677 | Time/Batch(ms) 550.53 | Train Loss 0.5686
Epoch 40 | Batch 150/677 | Time/Batch(ms) 500.54 | Train Loss 0.5502
Epoch 40 | Batch 180/677 | Time/Batch(ms) 546.19 | Train Loss 0.5818
Epoch 40 | Batch 210/677 | Time/Batch(ms) 499.09 | Train Loss 0.5577
Epoch 40 | Batch 240/677 | Time/Batch(ms) 510.58 | Train Loss 0.5293
Epoch 40 | Batch 270/677 | Time/Batch(ms) 528.56 | Train Loss 0.5753
Epoch 40 | Batch 300/677 | Time/Batch(ms) 525.53 | Train Loss 0.6079
Epoch 40 | Batch 330/677 | Time/Batch(ms) 546.58 | Train Loss 0.5733
Epoch 40 | Batch 360/677 | Time/Batch(ms) 488.87 | Train Loss 0.5878
Epoch 40 | Batch 390/677 | Time/Batch(ms) 553.00 | Train Loss 0.5757
Epoch 40 | Batch 420/677 | Time/Batch(ms) 526.92 | Train Loss 0.5652
Epoch 40 | Batch 450/677 | Time/Batch(ms) 519.26 | Train Loss 0.5895
Epoch 40 | Batch 480/677 | Time/Batch(ms) 510.99 | Train Loss 0.5312
Epoch 40 | Batch 510/677 | Time/Batch(ms) 532.46 | Train Loss 0.5794
Epoch 40 | Batch 540/677 | Time/Batch(ms) 532.38 | Train Loss 0.5855
Epoch 40 | Batch 570/677 | Time/Batch(ms) 536.43 | Train Loss 0.5361
Epoch 40 | Batch 600/677 | Time/Batch(ms) 507.31 | Train Loss 0.5688
Epoch 40 | Batch 630/677 | Time/Batch(ms) 519.09 | Train Loss 0.5550
Epoch 40 | Batch 660/677 | Time/Batch(ms) 524.12 | Train Loss 0.5628
--------------------------------------------------
Epoch 40 | Time 364.3415 sec | Valid Loss 0.6233 | Test Loss 0.6254
--------------------------------------------------
MAE:  0.6186352
Correlation Coefficient:  0.6620474567611543
mult_acc_7:  0.5005384449709239
mult_acc_5:  0.5136765022614689
F1 score:  0.8059656931535552
Accuracy:  0.8066298342541437
--------------------------------------------------

